<?xml version="1.0" encoding="UTF-8"?>
<testng-results skipped="0" failed="1" ignored="0" total="3" passed="2">
  <reporter-output>
  </reporter-output>
  <suite name="Default suite" duration-ms="70918" started-at="2018-09-25T09:40:26Z" finished-at="2018-09-25T09:41:37Z">
    <groups>
    </groups>
    <test name="Default test" duration-ms="70918" started-at="2018-09-25T09:40:26Z" finished-at="2018-09-25T09:41:37Z">
      <class name="com.freecrm.qa.testcases.LoginPageTest">
        <test-method status="PASS" signature="setUp()[pri:0, instance:com.freecrm.qa.testcases.LoginPageTest@5b275dab]" name="setUp" is-config="true" duration-ms="21625" started-at="2018-09-25T09:40:27Z" finished-at="2018-09-25T09:40:48Z">
          <reporter-output>
          </reporter-output>
        </test-method> <!-- setUp -->
        <test-method status="PASS" signature="loginPageTitleTest()[pri:1, instance:com.freecrm.qa.testcases.LoginPageTest@5b275dab]" name="loginPageTitleTest" duration-ms="81" started-at="2018-09-25T09:40:48Z" finished-at="2018-09-25T09:40:48Z">
          <reporter-output>
          </reporter-output>
        </test-method> <!-- loginPageTitleTest -->
        <test-method status="PASS" signature="tearDown()[pri:0, instance:com.freecrm.qa.testcases.LoginPageTest@5b275dab]" name="tearDown" is-config="true" duration-ms="4549" started-at="2018-09-25T09:40:48Z" finished-at="2018-09-25T09:40:53Z">
          <reporter-output>
          </reporter-output>
        </test-method> <!-- tearDown -->
        <test-method status="PASS" signature="setUp()[pri:0, instance:com.freecrm.qa.testcases.LoginPageTest@5b275dab]" name="setUp" is-config="true" duration-ms="17001" started-at="2018-09-25T09:40:53Z" finished-at="2018-09-25T09:41:10Z">
          <reporter-output>
          </reporter-output>
        </test-method> <!-- setUp -->
        <test-method status="PASS" signature="validateCrmLogo()[pri:2, instance:com.freecrm.qa.testcases.LoginPageTest@5b275dab]" name="validateCrmLogo" duration-ms="435" started-at="2018-09-25T09:41:10Z" finished-at="2018-09-25T09:41:10Z">
          <reporter-output>
          </reporter-output>
        </test-method> <!-- validateCrmLogo -->
        <test-method status="PASS" signature="tearDown()[pri:0, instance:com.freecrm.qa.testcases.LoginPageTest@5b275dab]" name="tearDown" is-config="true" duration-ms="4353" started-at="2018-09-25T09:41:10Z" finished-at="2018-09-25T09:41:15Z">
          <reporter-output>
          </reporter-output>
        </test-method> <!-- tearDown -->
        <test-method status="PASS" signature="setUp()[pri:0, instance:com.freecrm.qa.testcases.LoginPageTest@5b275dab]" name="setUp" is-config="true" duration-ms="17687" started-at="2018-09-25T09:41:15Z" finished-at="2018-09-25T09:41:32Z">
          <reporter-output>
          </reporter-output>
        </test-method> <!-- setUp -->
        <test-method status="FAIL" signature="LoginTest()[pri:3, instance:com.freecrm.qa.testcases.LoginPageTest@5b275dab]" name="LoginTest" duration-ms="568" started-at="2018-09-25T09:41:32Z" finished-at="2018-09-25T09:41:33Z">
          <exception class="org.openqa.selenium.ElementClickInterceptedException">
            <message>
              <![CDATA[Element <input class="btn btn-small" type="submit"> is not clickable at point (1183.7417297363281,117) because another element <div id="preloader"> obscures it
Build info: version: '3.14.0', revision: 'aacccce0', time: '2018-08-02T20:19:58.91Z'
System info: host: 'INBASDLP02536', ip: '172.19.82.99', os.name: 'Windows 10', os.arch: 'amd64', os.version: '10.0', java.version: '1.8.0_181'
Driver info: org.openqa.selenium.firefox.FirefoxDriver
Capabilities {acceptInsecureCerts: true, browserName: firefox, browserVersion: 62.0.2, javascriptEnabled: true, moz:accessibilityChecks: false, moz:headless: false, moz:processID: 11456, moz:profile: C:\Users\PP00454318\AppData..., moz:useNonSpecCompliantPointerOrigin: false, moz:webdriverClick: true, pageLoadStrategy: normal, platform: XP, platformName: XP, platformVersion: 10.0, rotatable: false, timeouts: {implicit: 0, pageLoad: 300000, script: 30000}}
Session ID: f0223ef1-00ae-4970-a9fe-5986a253fc43]]>
            </message>
            <full-stacktrace>
              <![CDATA[org.openqa.selenium.ElementClickInterceptedException: Element <input class="btn btn-small" type="submit"> is not clickable at point (1183.7417297363281,117) because another element <div id="preloader"> obscures it
Build info: version: '3.14.0', revision: 'aacccce0', time: '2018-08-02T20:19:58.91Z'
System info: host: 'INBASDLP02536', ip: '172.19.82.99', os.name: 'Windows 10', os.arch: 'amd64', os.version: '10.0', java.version: '1.8.0_181'
Driver info: org.openqa.selenium.firefox.FirefoxDriver
Capabilities {acceptInsecureCerts: true, browserName: firefox, browserVersion: 62.0.2, javascriptEnabled: true, moz:accessibilityChecks: false, moz:headless: false, moz:processID: 11456, moz:profile: C:\Users\PP00454318\AppData..., moz:useNonSpecCompliantPointerOrigin: false, moz:webdriverClick: true, pageLoadStrategy: normal, platform: XP, platformName: XP, platformVersion: 10.0, rotatable: false, timeouts: {implicit: 0, pageLoad: 300000, script: 30000}}
Session ID: f0223ef1-00ae-4970-a9fe-5986a253fc43
at sun.reflect.NativeConstructorAccessorImpl.newInstance0(Native Method)
at sun.reflect.NativeConstructorAccessorImpl.newInstance(Unknown Source)
at sun.reflect.DelegatingConstructorAccessorImpl.newInstance(Unknown Source)
at java.lang.reflect.Constructor.newInstance(Unknown Source)
at org.openqa.selenium.remote.http.W3CHttpResponseCodec.createException(W3CHttpResponseCodec.java:187)
at org.openqa.selenium.remote.http.W3CHttpResponseCodec.decode(W3CHttpResponseCodec.java:122)
at org.openqa.selenium.remote.http.W3CHttpResponseCodec.decode(W3CHttpResponseCodec.java:49)
at org.openqa.selenium.remote.HttpCommandExecutor.execute(HttpCommandExecutor.java:158)
at org.openqa.selenium.remote.service.DriverCommandExecutor.execute(DriverCommandExecutor.java:83)
at org.openqa.selenium.remote.RemoteWebDriver.execute(RemoteWebDriver.java:548)
at org.openqa.selenium.remote.RemoteWebElement.execute(RemoteWebElement.java:276)
at org.openqa.selenium.remote.RemoteWebElement.click(RemoteWebElement.java:83)
at sun.reflect.NativeMethodAccessorImpl.invoke0(Native Method)
at sun.reflect.NativeMethodAccessorImpl.invoke(Unknown Source)
at sun.reflect.DelegatingMethodAccessorImpl.invoke(Unknown Source)
at java.lang.reflect.Method.invoke(Unknown Source)
at org.openqa.selenium.support.pagefactory.internal.LocatingElementHandler.invoke(LocatingElementHandler.java:51)
at com.sun.proxy.$Proxy9.click(Unknown Source)
at com.freecrm.qa.homepage.LoginPage.login(LoginPage.java:49)
at com.freecrm.qa.testcases.LoginPageTest.LoginTest(LoginPageTest.java:47)
at sun.reflect.NativeMethodAccessorImpl.invoke0(Native Method)
at sun.reflect.NativeMethodAccessorImpl.invoke(Unknown Source)
at sun.reflect.DelegatingMethodAccessorImpl.invoke(Unknown Source)
at java.lang.reflect.Method.invoke(Unknown Source)
at org.testng.internal.MethodInvocationHelper.invokeMethod(MethodInvocationHelper.java:124)
at org.testng.internal.Invoker.invokeMethod(Invoker.java:583)
at org.testng.internal.Invoker.invokeTestMethod(Invoker.java:719)
at org.testng.internal.Invoker.invokeTestMethods(Invoker.java:989)
at org.testng.internal.TestMethodWorker.invokeTestMethods(TestMethodWorker.java:125)
at org.testng.internal.TestMethodWorker.run(TestMethodWorker.java:109)
at org.testng.TestRunner.privateRun(TestRunner.java:648)
at org.testng.TestRunner.run(TestRunner.java:505)
at org.testng.SuiteRunner.runTest(SuiteRunner.java:455)
at org.testng.SuiteRunner.runSequentially(SuiteRunner.java:450)
at org.testng.SuiteRunner.privateRun(SuiteRunner.java:415)
at org.testng.SuiteRunner.run(SuiteRunner.java:364)
at org.testng.SuiteRunnerWorker.runSuite(SuiteRunnerWorker.java:52)
at org.testng.SuiteRunnerWorker.run(SuiteRunnerWorker.java:84)
at org.testng.TestNG.runSuitesSequentially(TestNG.java:1208)
at org.testng.TestNG.runSuitesLocally(TestNG.java:1137)
at org.testng.TestNG.runSuites(TestNG.java:1049)
at org.testng.TestNG.run(TestNG.java:1017)
at org.testng.remote.AbstractRemoteTestNG.run(AbstractRemoteTestNG.java:114)
at org.testng.remote.RemoteTestNG.initAndRun(RemoteTestNG.java:251)
at org.testng.remote.RemoteTestNG.main(RemoteTestNG.java:77)
]]>
            </full-stacktrace>
          </exception> <!-- org.openqa.selenium.ElementClickInterceptedException -->
          <reporter-output>
          </reporter-output>
        </test-method> <!-- LoginTest -->
        <test-method status="PASS" signature="tearDown()[pri:0, instance:com.freecrm.qa.testcases.LoginPageTest@5b275dab]" name="tearDown" is-config="true" duration-ms="4550" started-at="2018-09-25T09:41:33Z" finished-at="2018-09-25T09:41:37Z">
          <reporter-output>
          </reporter-output>
        </test-method> <!-- tearDown -->
      </class> <!-- com.freecrm.qa.testcases.LoginPageTest -->
    </test> <!-- Default test -->
  </suite> <!-- Default suite -->
</testng-results>
